<?xml version="1.0" encoding="UTF-8"?>
<coverage generated="1666827397935" clover="3.2.0">
  <project timestamp="1666827397935" name="All files">
    <metrics statements="32" coveredstatements="32" conditionals="15" coveredconditionals="15" methods="3" coveredmethods="3" elements="50" coveredelements="50" complexity="0" loc="32" ncloc="32" packages="1" files="1" classes="1"/>
    <file name="fizzbuzz.js" path="/Users/jahzielcabrera/Documents/Projects/fizzbuzz-jest/fizzbuzz.js">
      <metrics statements="32" coveredstatements="32" conditionals="15" coveredconditionals="15" methods="3" coveredmethods="3"/>
      <line num="1" count="2945" type="cond" truecount="1" falsecount="0"/>
      <line num="2" count="2945" type="stmt"/>
      <line num="3" count="2945" type="stmt"/>
      <line num="4" count="1" type="stmt"/>
      <line num="5" count="1006" type="cond" truecount="1" falsecount="0"/>
      <line num="6" count="1006" type="cond" truecount="1" falsecount="0"/>
      <line num="7" count="1" type="stmt"/>
      <line num="8" count="1" type="cond" truecount="1" falsecount="0"/>
      <line num="9" count="1006" type="cond" truecount="1" falsecount="0"/>
      <line num="10" count="1" type="stmt"/>
      <line num="11" count="1" type="cond" truecount="1" falsecount="0"/>
      <line num="12" count="1006" type="cond" truecount="2" falsecount="0"/>
      <line num="13" count="67" type="stmt"/>
      <line num="14" count="67" type="cond" truecount="1" falsecount="0"/>
      <line num="15" count="1006" type="cond" truecount="1" falsecount="0"/>
      <line num="16" count="268" type="stmt"/>
      <line num="17" count="268" type="cond" truecount="1" falsecount="0"/>
      <line num="18" count="1006" type="cond" truecount="1" falsecount="0"/>
      <line num="19" count="135" type="stmt"/>
      <line num="20" count="135" type="cond" truecount="1" falsecount="0"/>
      <line num="21" count="534" type="stmt"/>
      <line num="22" count="534" type="stmt"/>
      <line num="23" count="1" type="stmt"/>
      <line num="24" count="1" type="cond" truecount="1" falsecount="0"/>
      <line num="25" count="1" type="cond" truecount="1" falsecount="0"/>
      <line num="26" count="1001" type="stmt"/>
      <line num="27" count="1001" type="stmt"/>
      <line num="28" count="1" type="stmt"/>
      <line num="29" count="1" type="stmt"/>
      <line num="30" count="1" type="stmt"/>
      <line num="31" count="1" type="stmt"/>
      <line num="32" count="1" type="stmt"/>
    </file>
  </project>
</coverage>
