{"/Users/jahzielcabrera/Documents/Projects/fizzbuzz-jest/fizzbuzz.js": {"path":"/Users/jahzielcabrera/Documents/Projects/fizzbuzz-jest/fizzbuzz.js","all":false,"statementMap":{"0":{"start":{"line":1,"column":0},"end":{"line":1,"column":46}},"1":{"start":{"line":2,"column":0},"end":{"line":2,"column":30}},"2":{"start":{"line":3,"column":0},"end":{"line":3,"column":1}},"3":{"start":{"line":4,"column":0},"end":{"line":4,"column":0}},"4":{"start":{"line":5,"column":0},"end":{"line":5,"column":27}},"5":{"start":{"line":6,"column":0},"end":{"line":6,"column":36}},"6":{"start":{"line":7,"column":0},"end":{"line":7,"column":61}},"7":{"start":{"line":8,"column":0},"end":{"line":8,"column":5}},"8":{"start":{"line":9,"column":0},"end":{"line":9,"column":22}},"9":{"start":{"line":10,"column":0},"end":{"line":10,"column":21}},"10":{"start":{"line":11,"column":0},"end":{"line":11,"column":5}},"11":{"start":{"line":12,"column":0},"end":{"line":12,"column":78}},"12":{"start":{"line":13,"column":0},"end":{"line":13,"column":25}},"13":{"start":{"line":14,"column":0},"end":{"line":14,"column":5}},"14":{"start":{"line":15,"column":0},"end":{"line":15,"column":42}},"15":{"start":{"line":16,"column":0},"end":{"line":16,"column":21}},"16":{"start":{"line":17,"column":0},"end":{"line":17,"column":5}},"17":{"start":{"line":18,"column":0},"end":{"line":18,"column":42}},"18":{"start":{"line":19,"column":0},"end":{"line":19,"column":21}},"19":{"start":{"line":20,"column":0},"end":{"line":20,"column":5}},"20":{"start":{"line":21,"column":0},"end":{"line":21,"column":17}},"21":{"start":{"line":22,"column":0},"end":{"line":22,"column":1}},"22":{"start":{"line":23,"column":0},"end":{"line":23,"column":0}},"23":{"start":{"line":24,"column":0},"end":{"line":24,"column":29}},"24":{"start":{"line":25,"column":0},"end":{"line":25,"column":35}},"25":{"start":{"line":26,"column":0},"end":{"line":26,"column":43}},"26":{"start":{"line":27,"column":0},"end":{"line":27,"column":5}},"27":{"start":{"line":28,"column":0},"end":{"line":28,"column":1}},"28":{"start":{"line":29,"column":0},"end":{"line":29,"column":0}},"29":{"start":{"line":30,"column":0},"end":{"line":30,"column":19}},"30":{"start":{"line":31,"column":0},"end":{"line":31,"column":0}},"31":{"start":{"line":32,"column":0},"end":{"line":32,"column":25}}},"s":{"0":2945,"1":2945,"2":2945,"3":1,"4":1006,"5":1006,"6":1,"7":1,"8":1006,"9":1,"10":1,"11":1006,"12":67,"13":67,"14":1006,"15":268,"16":268,"17":1006,"18":135,"19":135,"20":534,"21":534,"22":1,"23":1,"24":1,"25":1001,"26":1001,"27":1,"28":1,"29":1,"30":1,"31":1},"branchMap":{"0":{"type":"branch","line":1,"loc":{"start":{"line":1,"column":0},"end":{"line":3,"column":1}},"locations":[{"start":{"line":1,"column":0},"end":{"line":3,"column":1}}]},"1":{"type":"branch","line":5,"loc":{"start":{"line":5,"column":0},"end":{"line":22,"column":1}},"locations":[{"start":{"line":5,"column":0},"end":{"line":22,"column":1}}]},"2":{"type":"branch","line":6,"loc":{"start":{"line":6,"column":35},"end":{"line":8,"column":5}},"locations":[{"start":{"line":6,"column":35},"end":{"line":8,"column":5}}]},"3":{"type":"branch","line":8,"loc":{"start":{"line":8,"column":4},"end":{"line":9,"column":21}},"locations":[{"start":{"line":8,"column":4},"end":{"line":9,"column":21}}]},"4":{"type":"branch","line":9,"loc":{"start":{"line":9,"column":21},"end":{"line":11,"column":5}},"locations":[{"start":{"line":9,"column":21},"end":{"line":11,"column":5}}]},"5":{"type":"branch","line":11,"loc":{"start":{"line":11,"column":4},"end":{"line":12,"column":43}},"locations":[{"start":{"line":11,"column":4},"end":{"line":12,"column":43}}]},"6":{"type":"branch","line":12,"loc":{"start":{"line":12,"column":39},"end":{"line":12,"column":75}},"locations":[{"start":{"line":12,"column":39},"end":{"line":12,"column":75}}]},"7":{"type":"branch","line":12,"loc":{"start":{"line":12,"column":77},"end":{"line":14,"column":5}},"locations":[{"start":{"line":12,"column":77},"end":{"line":14,"column":5}}]},"8":{"type":"branch","line":14,"loc":{"start":{"line":14,"column":4},"end":{"line":15,"column":41}},"locations":[{"start":{"line":14,"column":4},"end":{"line":15,"column":41}}]},"9":{"type":"branch","line":15,"loc":{"start":{"line":15,"column":41},"end":{"line":17,"column":5}},"locations":[{"start":{"line":15,"column":41},"end":{"line":17,"column":5}}]},"10":{"type":"branch","line":17,"loc":{"start":{"line":17,"column":4},"end":{"line":18,"column":41}},"locations":[{"start":{"line":17,"column":4},"end":{"line":18,"column":41}}]},"11":{"type":"branch","line":18,"loc":{"start":{"line":18,"column":41},"end":{"line":20,"column":5}},"locations":[{"start":{"line":18,"column":41},"end":{"line":20,"column":5}}]},"12":{"type":"branch","line":20,"loc":{"start":{"line":20,"column":4},"end":{"line":22,"column":1}},"locations":[{"start":{"line":20,"column":4},"end":{"line":22,"column":1}}]},"13":{"type":"branch","line":24,"loc":{"start":{"line":24,"column":0},"end":{"line":28,"column":1}},"locations":[{"start":{"line":24,"column":0},"end":{"line":28,"column":1}}]},"14":{"type":"branch","line":25,"loc":{"start":{"line":25,"column":34},"end":{"line":27,"column":5}},"locations":[{"start":{"line":25,"column":34},"end":{"line":27,"column":5}}]}},"b":{"0":[2945],"1":[1006],"2":[1],"3":[1005],"4":[1],"5":[1004],"6":[335],"7":[67],"8":[937],"9":[268],"10":[669],"11":[135],"12":[534],"13":[1],"14":[1001]},"fnMap":{"0":{"name":"compareIfModuleIsZero","decl":{"start":{"line":1,"column":0},"end":{"line":3,"column":1}},"loc":{"start":{"line":1,"column":0},"end":{"line":3,"column":1}},"line":1},"1":{"name":"fizzbuzz","decl":{"start":{"line":5,"column":0},"end":{"line":22,"column":1}},"loc":{"start":{"line":5,"column":0},"end":{"line":22,"column":1}},"line":5},"2":{"name":"printFizzBuzz","decl":{"start":{"line":24,"column":0},"end":{"line":28,"column":1}},"loc":{"start":{"line":24,"column":0},"end":{"line":28,"column":1}},"line":24}},"f":{"0":2945,"1":1006,"2":1}}
}
