TN:
SF:fizzbuzz.js
FN:1,compareIfModuleIsZero
FN:5,fizzbuzz
FN:24,printFizzBuzz
FNF:3
FNH:3
FNDA:2945,compareIfModuleIsZero
FNDA:1006,fizzbuzz
FNDA:1,printFizzBuzz
DA:1,2945
DA:2,2945
DA:3,2945
DA:4,1
DA:5,1006
DA:6,1006
DA:7,1
DA:8,1
DA:9,1006
DA:10,1
DA:11,1
DA:12,1006
DA:13,67
DA:14,67
DA:15,1006
DA:16,268
DA:17,268
DA:18,1006
DA:19,135
DA:20,135
DA:21,534
DA:22,534
DA:23,1
DA:24,1
DA:25,1
DA:26,1001
DA:27,1001
DA:28,1
DA:29,1
DA:30,1
DA:31,1
DA:32,1
LF:32
LH:32
BRDA:1,0,0,2945
BRDA:5,1,0,1006
BRDA:6,2,0,1
BRDA:8,3,0,1005
BRDA:9,4,0,1
BRDA:11,5,0,1004
BRDA:12,6,0,335
BRDA:12,7,0,67
BRDA:14,8,0,937
BRDA:15,9,0,268
BRDA:17,10,0,669
BRDA:18,11,0,135
BRDA:20,12,0,534
BRDA:24,13,0,1
BRDA:25,14,0,1001
BRF:15
BRH:15
end_of_record
